-------------------------------------------------------------------------------
Test set: com.restservice.spring.rest.RestServiceApplicationTest
-------------------------------------------------------------------------------
Tests run: 1, Failures: 1, Errors: 0, Skipped: 0, Time elapsed: 0.149 s <<< FAILURE! - in com.restservice.spring.rest.RestServiceApplicationTest
test  Time elapsed: 0.002 s  <<< FAILURE!
org.opentest4j.AssertionFailedError: Not yet implemented
	at com.restservice.spring.rest.RestServiceApplicationTest.test(RestServiceApplicationTest.java:11)

